<?xml version="1.0" encoding="UTF-8"?>
<!-- Generated by org.testng.reporters.JUnitReportReporter -->
<testsuite name="com.cosmic.cubes.test.regression.TestCreateTaskSC_009" tests="1" time="25.249" ignored="0" failures="0" timestamp="26 Feb 2017 14:16:38 GMT" skipped="0" hostname="tsrajesh" errors="0">
  <testcase name="testCreateTaskTC_015" time="25.249" classname="com.cosmic.cubes.test.regression.TestCreateTaskSC_009"/>
</testsuite> <!-- com.cosmic.cubes.test.regression.TestCreateTaskSC_009 -->
