<?xml version="1.0" encoding="UTF-8"?>
<!-- Generated by org.testng.reporters.JUnitReportReporter -->
<testsuite name="com.cosmic.cubes.test.regression.TestLoginSC_01" tests="1" time="34.922" ignored="0" failures="0" timestamp="26 Feb 2017 14:14:43 GMT" skipped="0" hostname="tsrajesh" errors="0">
  <testcase name="testInvalidLoginTC_05" time="34.922" classname="com.cosmic.cubes.test.regression.TestLoginSC_01"/>
</testsuite> <!-- com.cosmic.cubes.test.regression.TestLoginSC_01 -->
